<?xml version="1.0" encoding="UTF-8"?>
<!-- Generated by org.testng.reporters.JUnitXMLReporter -->
<testsuite ignored="0" hostname="dell" failures="0" tests="3" name="Test" time="141.08" errors="0" timestamp="2023-08-18T21:50:39 IST">
  <testcase classname="TestScript.ST_TC_006" name="vERIFY_THAT_USER_CAN_ADD_MODULE_AND_CHECK" time="16.942"/>
  <testcase classname="TestScript.ST_TC_006" name="vERIFY_THAT_USER_CAN_ADD_MODULE_AND_CHECK" time="16.767"/>
  <testcase classname="TestScript.ST_TC_006" name="vERIFY_THAT_USER_CAN_ADD_MODULE_AND_CHECK" time="16.717"/>
</testsuite> <!-- Test -->
